2023-12-15 16:57:31,943 [INFO ] com.whaot.hooks.Whaot_Common_Step_Definations [main] Execution started
2023-12-15 16:57:31,952 [INFO ] com.whaot.hooks.Whaot_Common_Step_Definations [main] Instantiating CommonUtils
2023-12-15 16:57:31,953 [INFO ] com.whaot.hooks.Whaot_Common_Step_Definations [main] loading the properties files
2023-12-15 16:57:31,954 [INFO ] com.whaot.hooks.Whaot_Common_Step_Definations [main] Checking the Driver is NULL OR NOT
2023-12-15 16:57:31,954 [INFO ] com.whaot.hooks.Whaot_Common_Step_Definations [main] Driver is NULL. Instantiating it!
2023-12-15 16:57:33,410 [INFO ] com.whaot.whaot_webdriver_manager.DriverManager [main] Launching chrome
2023-12-15 16:57:33,422 [INFO ] com.whaot.whaot_webdriver_manager.DriverManager [main] Remote Chrome Driver Started...
2023-12-15 16:57:33,422 [INFO ] com.whaot.whaot_webdriver_manager.DriverManager [main] Browser launched successfully
2023-12-15 16:57:33,482 [INFO ] com.whaot.hooks.Whaot_Common_Step_Definations [main] sessionid before close operation ba4583db071ebbbb4141c2634f0abf6a
2023-12-15 16:57:42,482 [INFO ] com.whaot.StepDefinations.WhaotTeacherSignup [main] Enter the whaot application teacher URL
2023-12-15 16:57:43,307 [INFO ] com.whaot.StepDefinations.WhaotTeacherSignup [main] Choose the Become a guru option
2023-12-15 16:57:45,163 [INFO ] com.whaot.StepDefinations.WhaotTeacherSignup [main] Enter the Teacher Full name
2023-12-15 16:57:45,699 [INFO ] com.whaot.StepDefinations.WhaotTeacherSignup [main] Enter the Teacher email id
2023-12-15 16:57:45,789 [INFO ] com.whaot.StepDefinations.WhaotTeacherSignup [main] Enter the teacher phonenumber
2023-12-15 16:57:46,101 [INFO ] com.whaot.StepDefinations.WhaotTeacherSignup [main] enter the teacher password
2023-12-15 16:57:46,152 [INFO ] com.whaot.StepDefinations.WhaotTeacherSignup [main] enter the teacher password
2023-12-15 16:58:01,211 [INFO ] com.whaot.whaot.locators.TeacherSignup_Locators [main] Element not found. trying to find it one more time using Explicit wait
2023-12-15 16:58:31,777 [INFO ] com.whaot.whaot.locators.TeacherSignup_Locators [main] Element not found, please check the locator used
2023-12-15 16:58:32,131 [INFO ] com.whaot.hooks.Whaot_Common_Step_Definations [main] sessionid after using close method is ba4583db071ebbbb4141c2634f0abf6a
2023-12-15 16:58:32,131 [INFO ] com.whaot.hooks.Whaot_Common_Step_Definations [main] Execution Completed
2023-12-15 17:05:44,625 [INFO ] com.whaot.hooks.Whaot_Common_Step_Definations [main] Execution started
2023-12-15 17:05:44,629 [INFO ] com.whaot.hooks.Whaot_Common_Step_Definations [main] Instantiating CommonUtils
2023-12-15 17:05:44,629 [INFO ] com.whaot.hooks.Whaot_Common_Step_Definations [main] loading the properties files
2023-12-15 17:05:44,631 [INFO ] com.whaot.hooks.Whaot_Common_Step_Definations [main] Checking the Driver is NULL OR NOT
2023-12-15 17:05:44,632 [INFO ] com.whaot.hooks.Whaot_Common_Step_Definations [main] Driver is NULL. Instantiating it!
2023-12-15 17:05:46,012 [INFO ] com.whaot.whaot_webdriver_manager.DriverManager [main] Launching chrome
2023-12-15 17:05:46,021 [INFO ] com.whaot.whaot_webdriver_manager.DriverManager [main] Remote Chrome Driver Started...
2023-12-15 17:05:46,022 [INFO ] com.whaot.whaot_webdriver_manager.DriverManager [main] Browser launched successfully
2023-12-15 17:05:46,082 [INFO ] com.whaot.hooks.Whaot_Common_Step_Definations [main] sessionid before close operation b2bd4ae2afa160cd3236ce6d39adedd9
2023-12-15 17:05:51,188 [INFO ] com.whaot.StepDefinations.WhaotTeacherSignup [main] Enter the whaot application teacher URL
2023-12-15 17:05:51,592 [INFO ] com.whaot.StepDefinations.WhaotTeacherSignup [main] Choose the Become a guru option
2023-12-15 17:05:52,641 [INFO ] com.whaot.StepDefinations.WhaotTeacherSignup [main] Enter the Teacher Full name
2023-12-15 17:05:52,872 [INFO ] com.whaot.StepDefinations.WhaotTeacherSignup [main] Enter the Teacher email id
2023-12-15 17:05:53,334 [INFO ] com.whaot.StepDefinations.WhaotTeacherSignup [main] Enter the teacher phonenumber
2023-12-15 17:05:53,756 [INFO ] com.whaot.StepDefinations.WhaotTeacherSignup [main] enter the teacher password
2023-12-15 17:05:53,871 [INFO ] com.whaot.StepDefinations.WhaotTeacherSignup [main] enter the teacher password
2023-12-15 17:06:08,933 [INFO ] com.whaot.whaot.locators.TeacherSignup_Locators [main] Element not found. trying to find it one more time using Explicit wait
2023-12-15 17:06:39,563 [INFO ] com.whaot.whaot.locators.TeacherSignup_Locators [main] Element not found, please check the locator used
2023-12-15 17:06:39,850 [INFO ] com.whaot.hooks.Whaot_Common_Step_Definations [main] sessionid after using close method is b2bd4ae2afa160cd3236ce6d39adedd9
2023-12-15 17:06:39,850 [INFO ] com.whaot.hooks.Whaot_Common_Step_Definations [main] Execution Completed
2023-12-15 17:11:18,290 [INFO ] com.whaot.hooks.Whaot_Common_Step_Definations [main] Execution started
2023-12-15 17:11:18,296 [INFO ] com.whaot.hooks.Whaot_Common_Step_Definations [main] Instantiating CommonUtils
2023-12-15 17:11:18,296 [INFO ] com.whaot.hooks.Whaot_Common_Step_Definations [main] loading the properties files
2023-12-15 17:11:18,300 [INFO ] com.whaot.hooks.Whaot_Common_Step_Definations [main] Checking the Driver is NULL OR NOT
2023-12-15 17:11:18,300 [INFO ] com.whaot.hooks.Whaot_Common_Step_Definations [main] Driver is NULL. Instantiating it!
2023-12-15 17:11:20,009 [INFO ] com.whaot.whaot_webdriver_manager.DriverManager [main] Launching chrome
2023-12-15 17:11:20,022 [INFO ] com.whaot.whaot_webdriver_manager.DriverManager [main] Remote Chrome Driver Started...
2023-12-15 17:11:20,022 [INFO ] com.whaot.whaot_webdriver_manager.DriverManager [main] Browser launched successfully
2023-12-15 17:11:20,100 [INFO ] com.whaot.hooks.Whaot_Common_Step_Definations [main] sessionid before close operation d5b7630838cfbd310435d7dcafbfaecc
2023-12-15 17:11:24,504 [INFO ] com.whaot.StepDefinations.WhaotTeacherSignup [main] Enter the whaot application teacher URL
2023-12-15 17:11:24,749 [INFO ] com.whaot.StepDefinations.WhaotTeacherSignup [main] Choose the Become a guru option
2023-12-15 17:11:26,019 [INFO ] com.whaot.StepDefinations.WhaotTeacherSignup [main] Enter the Teacher Full name
2023-12-15 17:11:26,516 [INFO ] com.whaot.StepDefinations.WhaotTeacherSignup [main] Enter the Teacher email id
2023-12-15 17:11:26,653 [INFO ] com.whaot.StepDefinations.WhaotTeacherSignup [main] Enter the teacher phonenumber
2023-12-15 17:11:27,091 [INFO ] com.whaot.StepDefinations.WhaotTeacherSignup [main] enter the teacher password
2023-12-15 17:11:27,213 [INFO ] com.whaot.StepDefinations.WhaotTeacherSignup [main] enter the teacher password
2023-12-15 17:11:27,316 [INFO ] com.whaot.StepDefinations.WhaotTeacherSignup [main] click the teacher Register button
2023-12-15 17:11:28,023 [INFO ] com.whaot.StepDefinations.WhaotloginDefinations [main] enter the signin OTP1 number
2023-12-15 17:11:28,347 [INFO ] com.whaot.StepDefinations.WhaotloginDefinations [main] enter the signin OTP2 number
2023-12-15 17:11:28,404 [INFO ] com.whaot.StepDefinations.WhaotloginDefinations [main] enter the signin OTP3 number
2023-12-15 17:11:28,706 [INFO ] com.whaot.StepDefinations.WhaotloginDefinations [main] enter the signin OTP4 number
2023-12-15 17:11:31,073 [INFO ] com.whaot.StepDefinations.WhaotTeacherSignup [main] user successfully login the to be show the profile verification page
2023-12-15 17:11:31,076 [INFO ] com.whaot.hooks.Whaot_Common_Step_Definations [main] sessionid after using close method is d5b7630838cfbd310435d7dcafbfaecc
2023-12-15 17:11:31,076 [INFO ] com.whaot.hooks.Whaot_Common_Step_Definations [main] Execution Completed
2023-12-15 17:36:24,874 [INFO ] com.whaot.hooks.Whaot_Common_Step_Definations [main] Execution started
2023-12-15 17:36:24,879 [INFO ] com.whaot.hooks.Whaot_Common_Step_Definations [main] Instantiating CommonUtils
2023-12-15 17:36:24,880 [INFO ] com.whaot.hooks.Whaot_Common_Step_Definations [main] loading the properties files
2023-12-15 17:36:24,882 [INFO ] com.whaot.hooks.Whaot_Common_Step_Definations [main] Checking the Driver is NULL OR NOT
2023-12-15 17:36:24,883 [INFO ] com.whaot.hooks.Whaot_Common_Step_Definations [main] Driver is NULL. Instantiating it!
2023-12-15 17:36:26,946 [INFO ] com.whaot.whaot_webdriver_manager.DriverManager [main] Launching chrome
2023-12-15 17:36:26,961 [INFO ] com.whaot.whaot_webdriver_manager.DriverManager [main] Remote Chrome Driver Started...
2023-12-15 17:36:26,961 [INFO ] com.whaot.whaot_webdriver_manager.DriverManager [main] Browser launched successfully
2023-12-15 17:36:27,045 [INFO ] com.whaot.hooks.Whaot_Common_Step_Definations [main] sessionid before close operation 93b71bd9fa38fe599b1116ba29aeb4ef
2023-12-15 17:36:38,813 [INFO ] com.whaot.StepDefinations.WhaotStudent_Signup [main] Click the Login signup button
2023-12-15 17:36:38,817 [INFO ] com.whaot.StepDefinations.WhaotStudent_Signup [main] Choose the startlearning option
2023-12-15 17:36:53,921 [INFO ] com.whaot.whaot.locators.StudentSignup_Locators [main] Element is not found, trying into explicit wait
2023-12-15 17:37:24,560 [INFO ] com.whaot.whaot.locators.StudentSignup_Locators [main] Element is not found, please check locator
2023-12-15 17:37:25,867 [INFO ] com.whaot.hooks.Whaot_Common_Step_Definations [main] sessionid after using close method is 93b71bd9fa38fe599b1116ba29aeb4ef
2023-12-15 17:37:25,868 [INFO ] com.whaot.hooks.Whaot_Common_Step_Definations [main] Execution Completed
2023-12-15 17:38:50,231 [INFO ] com.whaot.hooks.Whaot_Common_Step_Definations [main] Execution started
2023-12-15 17:38:50,235 [INFO ] com.whaot.hooks.Whaot_Common_Step_Definations [main] Instantiating CommonUtils
2023-12-15 17:38:50,235 [INFO ] com.whaot.hooks.Whaot_Common_Step_Definations [main] loading the properties files
2023-12-15 17:38:50,241 [INFO ] com.whaot.hooks.Whaot_Common_Step_Definations [main] Checking the Driver is NULL OR NOT
2023-12-15 17:38:50,242 [INFO ] com.whaot.hooks.Whaot_Common_Step_Definations [main] Driver is NULL. Instantiating it!
2023-12-15 17:38:52,524 [INFO ] com.whaot.whaot_webdriver_manager.DriverManager [main] Launching chrome
2023-12-15 17:38:52,539 [INFO ] com.whaot.whaot_webdriver_manager.DriverManager [main] Remote Chrome Driver Started...
2023-12-15 17:38:52,539 [INFO ] com.whaot.whaot_webdriver_manager.DriverManager [main] Browser launched successfully
2023-12-15 17:38:52,638 [INFO ] com.whaot.hooks.Whaot_Common_Step_Definations [main] sessionid before close operation e808bebf263393c153b1ec50e3f107e2
2023-12-15 17:39:01,435 [INFO ] com.whaot.StepDefinations.WhaotStudent_Signup [main] Click the Login signup button
2023-12-15 17:39:16,513 [INFO ] com.whaot.whaot.locators.StudentSignup_Locators [main] Element is not found, trying into explicit wait
2023-12-15 17:39:47,136 [ERROR] com.whaot.StepDefinations.WhaotStudent_Signup [main] org.openqa.selenium.TimeoutException: Expected condition failed: waiting for visibility of element located by By.xpath: //*[@id='signup-modal']/div/div/div[2]/div[3]/div/div[1]/input (tried for 25 second(s) with 500 milliseconds interval)
Build info: version: '4.8.0', revision: '267030adea'
System info: os.name: 'Windows 11', os.arch: 'amd64', os.version: '10.0', java.version: '19.0.2'
Driver info: org.openqa.selenium.chrome.ChromeDriver
Capabilities {acceptInsecureCerts: false, browserName: chrome, browserVersion: 120.0.6099.109, chrome: {chromedriverVersion: 120.0.6099.71 (9729082fe617..., userDataDir: C:\Users\user\AppData\Local...}, fedcm:accounts: true, goog:chromeOptions: {debuggerAddress: localhost:60797}, networkConnectionEnabled: false, pageLoadStrategy: normal, platformName: WINDOWS, proxy: Proxy(), se:cdp: ws://localhost:60797/devtoo..., se:cdpVersion: 120.0.6099.109, setWindowRect: true, strictFileInteractability: false, timeouts: {implicit: 15000, pageLoad: 300000, script: 30000}, unhandledPromptBehavior: dismiss and notify, webauthn:extension:credBlob: true, webauthn:extension:largeBlob: true, webauthn:extension:minPinLength: true, webauthn:extension:prf: true, webauthn:virtualAuthenticators: true}
Session ID: e808bebf263393c153b1ec50e3f107e2
2023-12-15 17:39:47,842 [INFO ] com.whaot.hooks.Whaot_Common_Step_Definations [main] sessionid after using close method is e808bebf263393c153b1ec50e3f107e2
2023-12-15 17:39:47,842 [INFO ] com.whaot.hooks.Whaot_Common_Step_Definations [main] Execution Completed
2023-12-15 18:33:14,593 [INFO ] com.whaot.hooks.Whaot_Common_Step_Definations [main] Execution started
2023-12-15 18:33:14,597 [INFO ] com.whaot.hooks.Whaot_Common_Step_Definations [main] Instantiating CommonUtils
2023-12-15 18:33:14,598 [INFO ] com.whaot.hooks.Whaot_Common_Step_Definations [main] loading the properties files
2023-12-15 18:33:14,601 [INFO ] com.whaot.hooks.Whaot_Common_Step_Definations [main] Checking the Driver is NULL OR NOT
2023-12-15 18:33:14,601 [INFO ] com.whaot.hooks.Whaot_Common_Step_Definations [main] Driver is NULL. Instantiating it!
2023-12-15 18:33:16,705 [INFO ] com.whaot.whaot_webdriver_manager.DriverManager [main] Launching chrome
2023-12-15 18:33:16,719 [INFO ] com.whaot.whaot_webdriver_manager.DriverManager [main] Remote Chrome Driver Started...
2023-12-15 18:33:16,719 [INFO ] com.whaot.whaot_webdriver_manager.DriverManager [main] Browser launched successfully
2023-12-15 18:33:16,801 [INFO ] com.whaot.hooks.Whaot_Common_Step_Definations [main] sessionid before close operation c96dd189471ffa8a5af2904e260ab657
2023-12-15 18:33:20,305 [INFO ] com.whaot.StepDefinations.WhaotStudent_Signup [main] Click the Login signup button
2023-12-15 18:33:35,386 [INFO ] com.whaot.whaot.locators.StudentSignup_Locators [main] Element is not found, trying into explicit wait
2023-12-15 18:34:05,939 [ERROR] com.whaot.StepDefinations.WhaotStudent_Signup [main] org.openqa.selenium.TimeoutException: Expected condition failed: waiting for visibility of element located by By.xpath: //*[@id='signup-modal']/div/div/div[2]/div[3]/div/div[1]/input (tried for 25 second(s) with 500 milliseconds interval)
Build info: version: '4.8.0', revision: '267030adea'
System info: os.name: 'Windows 11', os.arch: 'amd64', os.version: '10.0', java.version: '19.0.2'
Driver info: org.openqa.selenium.chrome.ChromeDriver
Capabilities {acceptInsecureCerts: false, browserName: chrome, browserVersion: 120.0.6099.109, chrome: {chromedriverVersion: 120.0.6099.71 (9729082fe617..., userDataDir: C:\Users\user\AppData\Local...}, fedcm:accounts: true, goog:chromeOptions: {debuggerAddress: localhost:64278}, networkConnectionEnabled: false, pageLoadStrategy: normal, platformName: WINDOWS, proxy: Proxy(), se:cdp: ws://localhost:64278/devtoo..., se:cdpVersion: 120.0.6099.109, setWindowRect: true, strictFileInteractability: false, timeouts: {implicit: 15000, pageLoad: 300000, script: 30000}, unhandledPromptBehavior: dismiss and notify, webauthn:extension:credBlob: true, webauthn:extension:largeBlob: true, webauthn:extension:minPinLength: true, webauthn:extension:prf: true, webauthn:virtualAuthenticators: true}
Session ID: c96dd189471ffa8a5af2904e260ab657
2023-12-15 18:34:06,826 [INFO ] com.whaot.hooks.Whaot_Common_Step_Definations [main] sessionid after using close method is c96dd189471ffa8a5af2904e260ab657
2023-12-15 18:34:06,827 [INFO ] com.whaot.hooks.Whaot_Common_Step_Definations [main] Execution Completed
2023-12-15 18:38:08,106 [INFO ] com.whaot.hooks.Whaot_Common_Step_Definations [main] Execution started
2023-12-15 18:38:08,110 [INFO ] com.whaot.hooks.Whaot_Common_Step_Definations [main] Instantiating CommonUtils
2023-12-15 18:38:08,111 [INFO ] com.whaot.hooks.Whaot_Common_Step_Definations [main] loading the properties files
2023-12-15 18:38:08,114 [INFO ] com.whaot.hooks.Whaot_Common_Step_Definations [main] Checking the Driver is NULL OR NOT
2023-12-15 18:38:08,114 [INFO ] com.whaot.hooks.Whaot_Common_Step_Definations [main] Driver is NULL. Instantiating it!
2023-12-15 18:38:10,386 [INFO ] com.whaot.whaot_webdriver_manager.DriverManager [main] Launching chrome
2023-12-15 18:38:10,403 [INFO ] com.whaot.whaot_webdriver_manager.DriverManager [main] Remote Chrome Driver Started...
2023-12-15 18:38:10,403 [INFO ] com.whaot.whaot_webdriver_manager.DriverManager [main] Browser launched successfully
2023-12-15 18:38:10,490 [INFO ] com.whaot.hooks.Whaot_Common_Step_Definations [main] sessionid before close operation 2f2e948cc9572eb098e3ba09f15651ca
2023-12-15 18:38:18,372 [INFO ] com.whaot.StepDefinations.WhaotStudent_Signup [main] Click the Login signup button
2023-12-15 18:38:33,471 [INFO ] com.whaot.whaot.locators.StudentSignup_Locators [main] Element is not found, trying into explicit wait
2023-12-15 18:39:04,096 [ERROR] com.whaot.StepDefinations.WhaotStudent_Signup [main] org.openqa.selenium.TimeoutException: Expected condition failed: waiting for visibility of element located by By.xpath: //*[@id='signup-modal']/div/div/div[2]/div[3]/div/div[1]/input (tried for 25 second(s) with 500 milliseconds interval)
Build info: version: '4.8.0', revision: '267030adea'
System info: os.name: 'Windows 11', os.arch: 'amd64', os.version: '10.0', java.version: '19.0.2'
Driver info: org.openqa.selenium.chrome.ChromeDriver
Capabilities {acceptInsecureCerts: false, browserName: chrome, browserVersion: 120.0.6099.109, chrome: {chromedriverVersion: 120.0.6099.71 (9729082fe617..., userDataDir: C:\Users\user\AppData\Local...}, fedcm:accounts: true, goog:chromeOptions: {debuggerAddress: localhost:64767}, networkConnectionEnabled: false, pageLoadStrategy: normal, platformName: WINDOWS, proxy: Proxy(), se:cdp: ws://localhost:64767/devtoo..., se:cdpVersion: 120.0.6099.109, setWindowRect: true, strictFileInteractability: false, timeouts: {implicit: 15000, pageLoad: 300000, script: 30000}, unhandledPromptBehavior: dismiss and notify, webauthn:extension:credBlob: true, webauthn:extension:largeBlob: true, webauthn:extension:minPinLength: true, webauthn:extension:prf: true, webauthn:virtualAuthenticators: true}
Session ID: 2f2e948cc9572eb098e3ba09f15651ca
2023-12-15 18:39:04,747 [INFO ] com.whaot.hooks.Whaot_Common_Step_Definations [main] sessionid after using close method is 2f2e948cc9572eb098e3ba09f15651ca
2023-12-15 18:39:04,747 [INFO ] com.whaot.hooks.Whaot_Common_Step_Definations [main] Execution Completed
2023-12-15 18:43:15,289 [INFO ] com.whaot.hooks.Whaot_Common_Step_Definations [main] Execution started
2023-12-15 18:43:15,294 [INFO ] com.whaot.hooks.Whaot_Common_Step_Definations [main] Instantiating CommonUtils
2023-12-15 18:43:15,295 [INFO ] com.whaot.hooks.Whaot_Common_Step_Definations [main] loading the properties files
2023-12-15 18:43:15,302 [INFO ] com.whaot.hooks.Whaot_Common_Step_Definations [main] Checking the Driver is NULL OR NOT
2023-12-15 18:43:15,303 [INFO ] com.whaot.hooks.Whaot_Common_Step_Definations [main] Driver is NULL. Instantiating it!
2023-12-15 18:43:17,948 [INFO ] com.whaot.whaot_webdriver_manager.DriverManager [main] Launching chrome
2023-12-15 18:43:17,966 [INFO ] com.whaot.whaot_webdriver_manager.DriverManager [main] Remote Chrome Driver Started...
2023-12-15 18:43:17,966 [INFO ] com.whaot.whaot_webdriver_manager.DriverManager [main] Browser launched successfully
2023-12-15 18:43:18,068 [INFO ] com.whaot.hooks.Whaot_Common_Step_Definations [main] sessionid before close operation 09b3fead5c330124cbcbec87679b688f
2023-12-15 18:43:25,671 [INFO ] com.whaot.StepDefinations.WhaotStudent_Signup [main] Click the Login signup button
2023-12-15 18:43:25,922 [INFO ] com.whaot.StepDefinations.WhaotStudent_Signup [main] Enter the student phonenumber
2023-12-15 18:43:41,014 [INFO ] com.whaot.whaot.locators.StudentSignup_Locators [main] Element is not found, trying into explicit wait
2023-12-15 18:44:11,563 [INFO ] com.whaot.whaot.locators.StudentSignup_Locators [main] Element is not found, please check locator
2023-12-15 18:44:12,957 [INFO ] com.whaot.hooks.Whaot_Common_Step_Definations [main] sessionid after using close method is 09b3fead5c330124cbcbec87679b688f
2023-12-15 18:44:12,961 [INFO ] com.whaot.hooks.Whaot_Common_Step_Definations [main] Execution Completed
